  Rules.cpp
  mainGame.cpp
  Generating Code...
C:\Users\snorr\Desktop\GameProjectANY\2D game project\2D game project\mainGame.cpp(56,5): error C2664: 'void determineWinner(const std::string &,const std::string &)': cannot convert argument 1 from 'void (__cdecl *)(void)' to 'const std::string &'
  C:\Users\snorr\Desktop\GameProjectANY\2D game project\2D game project\mainGame.cpp(56,21):
  Reason: cannot convert from 'overloaded-function' to 'const std::string'
  C:\Users\snorr\Desktop\GameProjectANY\2D game project\2D game project\mainGame.cpp(56,21):
  'std::basic_string<char,std::char_traits<char>,std::allocator<char>>::basic_string': no overloaded function could convert all the argument types
  	C:\Program Files\Microsoft Visual Studio\2022\Community\VC\Tools\MSVC\14.39.33519\include\xstring(2556,5):
  	could be 'std::basic_string<char,std::char_traits<char>,std::allocator<char>>::basic_string(const _Elem *const )'
          with
          [
              _Elem=char
          ]
  		C:\Users\snorr\Desktop\GameProjectANY\2D game project\2D game project\mainGame.cpp(56,21):
  		'std::basic_string<char,std::char_traits<char>,std::allocator<char>>::basic_string(const _Elem *const )': cannot convert argument 1 from 'void (__cdecl *)(void)' to 'const _Elem *const '
          with
          [
              _Elem=char
          ]
  			C:\Users\snorr\Desktop\GameProjectANY\2D game project\2D game project\mainGame.cpp(56,21):
  			There is no context in which this conversion is possible
  	C:\Program Files\Microsoft Visual Studio\2022\Community\VC\Tools\MSVC\14.39.33519\include\xstring(3134,5):
  	or       'std::basic_string<char,std::char_traits<char>,std::allocator<char>>::basic_string(std::initializer_list<_Elem>,const _Alloc &)'
          with
          [
              _Elem=char,
              _Alloc=std::allocator<char>
          ]
  		C:\Users\snorr\Desktop\GameProjectANY\2D game project\2D game project\mainGame.cpp(56,21):
  		'std::basic_string<char,std::char_traits<char>,std::allocator<char>>::basic_string(std::initializer_list<_Elem>,const _Alloc &)': cannot convert argument 1 from 'void (__cdecl *)(void)' to 'std::initializer_list<_Elem>'
          with
          [
              _Elem=char,
              _Alloc=std::allocator<char>
          ]
          and
          [
              _Elem=char
          ]
  			C:\Users\snorr\Desktop\GameProjectANY\2D game project\2D game project\mainGame.cpp(56,21):
  			Conversion requires a second user-defined-conversion operator or constructor
  	C:\Program Files\Microsoft Visual Studio\2022\Community\VC\Tools\MSVC\14.39.33519\include\xstring(2586,5):
  	or       'std::basic_string<char,std::char_traits<char>,std::allocator<char>>::basic_string(_Iter,_Iter,const _Alloc &)'
          with
          [
              _Alloc=std::allocator<char>
          ]
  	C:\Users\snorr\Desktop\GameProjectANY\2D game project\2D game project\mainGame.cpp(56,21):
  	while trying to match the argument list '(overloaded-function)'
  C:\Users\snorr\Desktop\GameProjectANY\2D game project\2D game project\Rules.h(7,6):
  see declaration of 'determineWinner'
  C:\Users\snorr\Desktop\GameProjectANY\2D game project\2D game project\mainGame.cpp(56,5):
  while trying to match the argument list '(overloaded-function, overloaded-function)'
  
